C:\USERS\ZOLOTYKH\MAIL.RU CLOUD\ARAGELI\HOME\ZOLOTYKH\SKELETON.02.01.05\SKELETON-WORK\TOOLS\ARAGELI\LIB\ARAGELI_FAST_WIN32\_UTILITY.OBJ
C:\USERS\ZOLOTYKH\MAIL.RU CLOUD\ARAGELI\HOME\ZOLOTYKH\SKELETON.02.01.05\SKELETON-WORK\TOOLS\ARAGELI\LIB\ARAGELI_FAST_WIN32\ADVSIMPLMETH.OBJ
C:\USERS\ZOLOTYKH\MAIL.RU CLOUD\ARAGELI\HOME\ZOLOTYKH\SKELETON.02.01.05\SKELETON-WORK\TOOLS\ARAGELI\LIB\ARAGELI_FAST_WIN32\ALGEBRAIC.OBJ
C:\USERS\ZOLOTYKH\MAIL.RU CLOUD\ARAGELI\HOME\ZOLOTYKH\SKELETON.02.01.05\SKELETON-WORK\TOOLS\ARAGELI\LIB\ARAGELI_FAST_WIN32\ALGEBRSLT.OBJ
C:\USERS\ZOLOTYKH\MAIL.RU CLOUD\ARAGELI\HOME\ZOLOTYKH\SKELETON.02.01.05\SKELETON-WORK\TOOLS\ARAGELI\LIB\ARAGELI_FAST_WIN32\BAREISS.OBJ
C:\USERS\ZOLOTYKH\MAIL.RU CLOUD\ARAGELI\HOME\ZOLOTYKH\SKELETON.02.01.05\SKELETON-WORK\TOOLS\ARAGELI\LIB\ARAGELI_FAST_WIN32\BERLEKAMP_HENSEL.OBJ
C:\USERS\ZOLOTYKH\MAIL.RU CLOUD\ARAGELI\HOME\ZOLOTYKH\SKELETON.02.01.05\SKELETON-WORK\TOOLS\ARAGELI\LIB\ARAGELI_FAST_WIN32\BIG_CONST.OBJ
C:\USERS\ZOLOTYKH\MAIL.RU CLOUD\ARAGELI\HOME\ZOLOTYKH\SKELETON.02.01.05\SKELETON-WORK\TOOLS\ARAGELI\LIB\ARAGELI_FAST_WIN32\BIG_FLOAT.OBJ
C:\USERS\ZOLOTYKH\MAIL.RU CLOUD\ARAGELI\HOME\ZOLOTYKH\SKELETON.02.01.05\SKELETON-WORK\TOOLS\ARAGELI\LIB\ARAGELI_FAST_WIN32\BIG_INT.OBJ
C:\USERS\ZOLOTYKH\MAIL.RU CLOUD\ARAGELI\HOME\ZOLOTYKH\SKELETON.02.01.05\SKELETON-WORK\TOOLS\ARAGELI\LIB\ARAGELI_FAST_WIN32\BIGAR.OBJ
C:\USERS\ZOLOTYKH\MAIL.RU CLOUD\ARAGELI\HOME\ZOLOTYKH\SKELETON.02.01.05\SKELETON-WORK\TOOLS\ARAGELI\LIB\ARAGELI_FAST_WIN32\CANTOR_ZASSENHAUS.OBJ
C:\USERS\ZOLOTYKH\MAIL.RU CLOUD\ARAGELI\HOME\ZOLOTYKH\SKELETON.02.01.05\SKELETON-WORK\TOOLS\ARAGELI\LIB\ARAGELI_FAST_WIN32\CLASSIC.OBJ
C:\USERS\ZOLOTYKH\MAIL.RU CLOUD\ARAGELI\HOME\ZOLOTYKH\SKELETON.02.01.05\SKELETON-WORK\TOOLS\ARAGELI\LIB\ARAGELI_FAST_WIN32\CLASSIC1.OBJ
C:\USERS\ZOLOTYKH\MAIL.RU CLOUD\ARAGELI\HOME\ZOLOTYKH\SKELETON.02.01.05\SKELETON-WORK\TOOLS\ARAGELI\LIB\ARAGELI_FAST_WIN32\CONE.OBJ
C:\USERS\ZOLOTYKH\MAIL.RU CLOUD\ARAGELI\HOME\ZOLOTYKH\SKELETON.02.01.05\SKELETON-WORK\TOOLS\ARAGELI\LIB\ARAGELI_FAST_WIN32\DOMICH.OBJ
C:\USERS\ZOLOTYKH\MAIL.RU CLOUD\ARAGELI\HOME\ZOLOTYKH\SKELETON.02.01.05\SKELETON-WORK\TOOLS\ARAGELI\LIB\ARAGELI_FAST_WIN32\EXCEPTION.OBJ
C:\USERS\ZOLOTYKH\MAIL.RU CLOUD\ARAGELI\HOME\ZOLOTYKH\SKELETON.02.01.05\SKELETON-WORK\TOOLS\ARAGELI\LIB\ARAGELI_FAST_WIN32\GAUSS.OBJ
C:\USERS\ZOLOTYKH\MAIL.RU CLOUD\ARAGELI\HOME\ZOLOTYKH\SKELETON.02.01.05\SKELETON-WORK\TOOLS\ARAGELI\LIB\ARAGELI_FAST_WIN32\GCD.OBJ
C:\USERS\ZOLOTYKH\MAIL.RU CLOUD\ARAGELI\HOME\ZOLOTYKH\SKELETON.02.01.05\SKELETON-WORK\TOOLS\ARAGELI\LIB\ARAGELI_FAST_WIN32\GENERIC.OBJ
C:\USERS\ZOLOTYKH\MAIL.RU CLOUD\ARAGELI\HOME\ZOLOTYKH\SKELETON.02.01.05\SKELETON-WORK\TOOLS\ARAGELI\LIB\ARAGELI_FAST_WIN32\GRAM_SCHMIDT.OBJ
C:\USERS\ZOLOTYKH\MAIL.RU CLOUD\ARAGELI\HOME\ZOLOTYKH\SKELETON.02.01.05\SKELETON-WORK\TOOLS\ARAGELI\LIB\ARAGELI_FAST_WIN32\GROEBNER_BASIS.OBJ
C:\USERS\ZOLOTYKH\MAIL.RU CLOUD\ARAGELI\HOME\ZOLOTYKH\SKELETON.02.01.05\SKELETON-WORK\TOOLS\ARAGELI\LIB\ARAGELI_FAST_WIN32\HAFNER.OBJ
C:\USERS\ZOLOTYKH\MAIL.RU CLOUD\ARAGELI\HOME\ZOLOTYKH\SKELETON.02.01.05\SKELETON-WORK\TOOLS\ARAGELI\LIB\ARAGELI_FAST_WIN32\HERMITE.OBJ
C:\USERS\ZOLOTYKH\MAIL.RU CLOUD\ARAGELI\HOME\ZOLOTYKH\SKELETON.02.01.05\SKELETON-WORK\TOOLS\ARAGELI\LIB\ARAGELI_FAST_WIN32\INTALG.OBJ
C:\USERS\ZOLOTYKH\MAIL.RU CLOUD\ARAGELI\HOME\ZOLOTYKH\SKELETON.02.01.05\SKELETON-WORK\TOOLS\ARAGELI\LIB\ARAGELI_FAST_WIN32\INTCONVEX.OBJ
C:\USERS\ZOLOTYKH\MAIL.RU CLOUD\ARAGELI\HOME\ZOLOTYKH\SKELETON.02.01.05\SKELETON-WORK\TOOLS\ARAGELI\LIB\ARAGELI_FAST_WIN32\INTCOUNT_BARVINOK.OBJ
C:\USERS\ZOLOTYKH\MAIL.RU CLOUD\ARAGELI\HOME\ZOLOTYKH\SKELETON.02.01.05\SKELETON-WORK\TOOLS\ARAGELI\LIB\ARAGELI_FAST_WIN32\IO.OBJ
C:\USERS\ZOLOTYKH\MAIL.RU CLOUD\ARAGELI\HOME\ZOLOTYKH\SKELETON.02.01.05\SKELETON-WORK\TOOLS\ARAGELI\LIB\ARAGELI_FAST_WIN32\KARATSUBA.OBJ
C:\USERS\ZOLOTYKH\MAIL.RU CLOUD\ARAGELI\HOME\ZOLOTYKH\SKELETON.02.01.05\SKELETON-WORK\TOOLS\ARAGELI\LIB\ARAGELI_FAST_WIN32\LINOPT.OBJ
C:\USERS\ZOLOTYKH\MAIL.RU CLOUD\ARAGELI\HOME\ZOLOTYKH\SKELETON.02.01.05\SKELETON-WORK\TOOLS\ARAGELI\LIB\ARAGELI_FAST_WIN32\LLL.OBJ
C:\USERS\ZOLOTYKH\MAIL.RU CLOUD\ARAGELI\HOME\ZOLOTYKH\SKELETON.02.01.05\SKELETON-WORK\TOOLS\ARAGELI\LIB\ARAGELI_FAST_WIN32\LOGARITHM.OBJ
C:\USERS\ZOLOTYKH\MAIL.RU CLOUD\ARAGELI\HOME\ZOLOTYKH\SKELETON.02.01.05\SKELETON-WORK\TOOLS\ARAGELI\LIB\ARAGELI_FAST_WIN32\MATRIX.OBJ
C:\USERS\ZOLOTYKH\MAIL.RU CLOUD\ARAGELI\HOME\ZOLOTYKH\SKELETON.02.01.05\SKELETON-WORK\TOOLS\ARAGELI\LIB\ARAGELI_FAST_WIN32\MOTZKIN_BURGER.OBJ
C:\USERS\ZOLOTYKH\MAIL.RU CLOUD\ARAGELI\HOME\ZOLOTYKH\SKELETON.02.01.05\SKELETON-WORK\TOOLS\ARAGELI\LIB\ARAGELI_FAST_WIN32\NEAR_OPTIMAL.OBJ
C:\USERS\ZOLOTYKH\MAIL.RU CLOUD\ARAGELI\HOME\ZOLOTYKH\SKELETON.02.01.05\SKELETON-WORK\TOOLS\ARAGELI\LIB\ARAGELI_FAST_WIN32\ORTHOGONAL.OBJ
C:\USERS\ZOLOTYKH\MAIL.RU CLOUD\ARAGELI\HOME\ZOLOTYKH\SKELETON.02.01.05\SKELETON-WORK\TOOLS\ARAGELI\LIB\ARAGELI_FAST_WIN32\POLLARD_MULT.OBJ
C:\USERS\ZOLOTYKH\MAIL.RU CLOUD\ARAGELI\HOME\ZOLOTYKH\SKELETON.02.01.05\SKELETON-WORK\TOOLS\ARAGELI\LIB\ARAGELI_FAST_WIN32\POLYHEDRON.OBJ
C:\USERS\ZOLOTYKH\MAIL.RU CLOUD\ARAGELI\HOME\ZOLOTYKH\SKELETON.02.01.05\SKELETON-WORK\TOOLS\ARAGELI\LIB\ARAGELI_FAST_WIN32\POLYHEDRON_RELATION.OBJ
C:\USERS\ZOLOTYKH\MAIL.RU CLOUD\ARAGELI\HOME\ZOLOTYKH\SKELETON.02.01.05\SKELETON-WORK\TOOLS\ARAGELI\LIB\ARAGELI_FAST_WIN32\POLYNOM.OBJ
C:\USERS\ZOLOTYKH\MAIL.RU CLOUD\ARAGELI\HOME\ZOLOTYKH\SKELETON.02.01.05\SKELETON-WORK\TOOLS\ARAGELI\LIB\ARAGELI_FAST_WIN32\POWEREST.OBJ
C:\USERS\ZOLOTYKH\MAIL.RU CLOUD\ARAGELI\HOME\ZOLOTYKH\SKELETON.02.01.05\SKELETON-WORK\TOOLS\ARAGELI\LIB\ARAGELI_FAST_WIN32\PRIME.OBJ
C:\USERS\ZOLOTYKH\MAIL.RU CLOUD\ARAGELI\HOME\ZOLOTYKH\SKELETON.02.01.05\SKELETON-WORK\TOOLS\ARAGELI\LIB\ARAGELI_FAST_WIN32\RATIONAL.OBJ
C:\USERS\ZOLOTYKH\MAIL.RU CLOUD\ARAGELI\HOME\ZOLOTYKH\SKELETON.02.01.05\SKELETON-WORK\TOOLS\ARAGELI\LIB\ARAGELI_FAST_WIN32\RESULTANT.OBJ
C:\USERS\ZOLOTYKH\MAIL.RU CLOUD\ARAGELI\HOME\ZOLOTYKH\SKELETON.02.01.05\SKELETON-WORK\TOOLS\ARAGELI\LIB\ARAGELI_FAST_WIN32\SIDESET.OBJ
C:\USERS\ZOLOTYKH\MAIL.RU CLOUD\ARAGELI\HOME\ZOLOTYKH\SKELETON.02.01.05\SKELETON-WORK\TOOLS\ARAGELI\LIB\ARAGELI_FAST_WIN32\SMITH.OBJ
C:\USERS\ZOLOTYKH\MAIL.RU CLOUD\ARAGELI\HOME\ZOLOTYKH\SKELETON.02.01.05\SKELETON-WORK\TOOLS\ARAGELI\LIB\ARAGELI_FAST_WIN32\SMITHPOLY.OBJ
C:\USERS\ZOLOTYKH\MAIL.RU CLOUD\ARAGELI\HOME\ZOLOTYKH\SKELETON.02.01.05\SKELETON-WORK\TOOLS\ARAGELI\LIB\ARAGELI_FAST_WIN32\SOLVE_LINSYS.OBJ
C:\USERS\ZOLOTYKH\MAIL.RU CLOUD\ARAGELI\HOME\ZOLOTYKH\SKELETON.02.01.05\SKELETON-WORK\TOOLS\ARAGELI\LIB\ARAGELI_FAST_WIN32\SPARSE_MULTIPOLYNOM.OBJ
C:\USERS\ZOLOTYKH\MAIL.RU CLOUD\ARAGELI\HOME\ZOLOTYKH\SKELETON.02.01.05\SKELETON-WORK\TOOLS\ARAGELI\LIB\ARAGELI_FAST_WIN32\SPARSE_POLYNOM.OBJ
C:\USERS\ZOLOTYKH\MAIL.RU CLOUD\ARAGELI\HOME\ZOLOTYKH\SKELETON.02.01.05\SKELETON-WORK\TOOLS\ARAGELI\LIB\ARAGELI_FAST_WIN32\STORJOHANN.OBJ
C:\USERS\ZOLOTYKH\MAIL.RU CLOUD\ARAGELI\HOME\ZOLOTYKH\SKELETON.02.01.05\SKELETON-WORK\TOOLS\ARAGELI\LIB\ARAGELI_FAST_WIN32\STORJOHANN1.OBJ
C:\USERS\ZOLOTYKH\MAIL.RU CLOUD\ARAGELI\HOME\ZOLOTYKH\SKELETON.02.01.05\SKELETON-WORK\TOOLS\ARAGELI\LIB\ARAGELI_FAST_WIN32\STURM.OBJ
C:\USERS\ZOLOTYKH\MAIL.RU CLOUD\ARAGELI\HOME\ZOLOTYKH\SKELETON.02.01.05\SKELETON-WORK\TOOLS\ARAGELI\LIB\ARAGELI_FAST_WIN32\TEX_CARTESIAN2D.OBJ
C:\USERS\ZOLOTYKH\MAIL.RU CLOUD\ARAGELI\HOME\ZOLOTYKH\SKELETON.02.01.05\SKELETON-WORK\TOOLS\ARAGELI\LIB\ARAGELI_FAST_WIN32\TEXOUT.OBJ
C:\USERS\ZOLOTYKH\MAIL.RU CLOUD\ARAGELI\HOME\ZOLOTYKH\SKELETON.02.01.05\SKELETON-WORK\TOOLS\ARAGELI\LIB\ARAGELI_FAST_WIN32\TIMER.OBJ
C:\USERS\ZOLOTYKH\MAIL.RU CLOUD\ARAGELI\HOME\ZOLOTYKH\SKELETON.02.01.05\SKELETON-WORK\TOOLS\ARAGELI\LIB\ARAGELI_FAST_WIN32\TRIANGULATION.OBJ
C:\USERS\ZOLOTYKH\MAIL.RU CLOUD\ARAGELI\HOME\ZOLOTYKH\SKELETON.02.01.05\SKELETON-WORK\TOOLS\ARAGELI\LIB\ARAGELI_FAST_WIN32\TYPE_OPERS.OBJ
C:\USERS\ZOLOTYKH\MAIL.RU CLOUD\ARAGELI\HOME\ZOLOTYKH\SKELETON.02.01.05\SKELETON-WORK\TOOLS\ARAGELI\LIB\ARAGELI_FAST_WIN32\TYPE_TRAITS.OBJ
C:\USERS\ZOLOTYKH\MAIL.RU CLOUD\ARAGELI\HOME\ZOLOTYKH\SKELETON.02.01.05\SKELETON-WORK\TOOLS\ARAGELI\LIB\ARAGELI_FAST_WIN32\VC100.PDB
C:\USERS\ZOLOTYKH\MAIL.RU CLOUD\ARAGELI\HOME\ZOLOTYKH\SKELETON.02.01.05\SKELETON-WORK\TOOLS\ARAGELI\LIB\ARAGELI_FAST_WIN32\VECALG.OBJ
C:\USERS\ZOLOTYKH\MAIL.RU CLOUD\ARAGELI\HOME\ZOLOTYKH\SKELETON.02.01.05\SKELETON-WORK\TOOLS\ARAGELI\LIB\ARAGELI_FAST_WIN32\VECTOR.OBJ
C:\USERS\ZOLOTYKH\MAIL.RU CLOUD\ARAGELI\HOME\ZOLOTYKH\SKELETON.02.01.05\SKELETON-WORK\TOOLS\ARAGELI\LIB\ARAGELI_FAST_WIN32\WINOGRAD.OBJ
C:\USERS\ZOLOTYKH\MAIL.RU CLOUD\ARAGELI\HOME\ZOLOTYKH\SKELETON.02.01.05\SKELETON-WORK\TOOLS\ARAGELI\LIB\ARAGELI32F.LIB
C:\Users\Zolotykh\Mail.Ru Cloud\arageli\home\Zolotykh\skeleton.02.01r06\skeleton-work\tools\arageli\lib\arageli_Fast_Win32\_utility.obj
C:\Users\Zolotykh\Mail.Ru Cloud\arageli\home\Zolotykh\skeleton.02.01r06\skeleton-work\tools\arageli\lib\arageli_Fast_Win32\advsimplmeth.obj
C:\Users\Zolotykh\Mail.Ru Cloud\arageli\home\Zolotykh\skeleton.02.01r06\skeleton-work\tools\arageli\lib\arageli_Fast_Win32\algebraic.obj
C:\Users\Zolotykh\Mail.Ru Cloud\arageli\home\Zolotykh\skeleton.02.01r06\skeleton-work\tools\arageli\lib\arageli_Fast_Win32\algebrslt.obj
C:\Users\Zolotykh\Mail.Ru Cloud\arageli\home\Zolotykh\skeleton.02.01r06\skeleton-work\tools\arageli\lib\arageli_Fast_Win32\bareiss.obj
C:\Users\Zolotykh\Mail.Ru Cloud\arageli\home\Zolotykh\skeleton.02.01r06\skeleton-work\tools\arageli\lib\arageli_Fast_Win32\berlekamp_hensel.obj
C:\Users\Zolotykh\Mail.Ru Cloud\arageli\home\Zolotykh\skeleton.02.01r06\skeleton-work\tools\arageli\lib\arageli_Fast_Win32\big_const.obj
C:\Users\Zolotykh\Mail.Ru Cloud\arageli\home\Zolotykh\skeleton.02.01r06\skeleton-work\tools\arageli\lib\arageli_Fast_Win32\big_float.obj
C:\Users\Zolotykh\Mail.Ru Cloud\arageli\home\Zolotykh\skeleton.02.01r06\skeleton-work\tools\arageli\lib\arageli_Fast_Win32\big_int.obj
C:\Users\Zolotykh\Mail.Ru Cloud\arageli\home\Zolotykh\skeleton.02.01r06\skeleton-work\tools\arageli\lib\arageli_Fast_Win32\bigar.obj
C:\Users\Zolotykh\Mail.Ru Cloud\arageli\home\Zolotykh\skeleton.02.01r06\skeleton-work\tools\arageli\lib\arageli_Fast_Win32\cantor_zassenhaus.obj
C:\Users\Zolotykh\Mail.Ru Cloud\arageli\home\Zolotykh\skeleton.02.01r06\skeleton-work\tools\arageli\lib\arageli_Fast_Win32\cl.command.1.tlog
C:\Users\Zolotykh\Mail.Ru Cloud\arageli\home\Zolotykh\skeleton.02.01r06\skeleton-work\tools\arageli\lib\arageli_Fast_Win32\CL.read.1.tlog
C:\Users\Zolotykh\Mail.Ru Cloud\arageli\home\Zolotykh\skeleton.02.01r06\skeleton-work\tools\arageli\lib\arageli_Fast_Win32\CL.write.1.tlog
C:\Users\Zolotykh\Mail.Ru Cloud\arageli\home\Zolotykh\skeleton.02.01r06\skeleton-work\tools\arageli\lib\arageli_Fast_Win32\classic.obj
C:\Users\Zolotykh\Mail.Ru Cloud\arageli\home\Zolotykh\skeleton.02.01r06\skeleton-work\tools\arageli\lib\arageli_Fast_Win32\classic1.obj
C:\Users\Zolotykh\Mail.Ru Cloud\arageli\home\Zolotykh\skeleton.02.01r06\skeleton-work\tools\arageli\lib\arageli_Fast_Win32\cone.obj
C:\Users\Zolotykh\Mail.Ru Cloud\arageli\home\Zolotykh\skeleton.02.01r06\skeleton-work\tools\arageli\lib\arageli_Fast_Win32\domich.obj
C:\Users\Zolotykh\Mail.Ru Cloud\arageli\home\Zolotykh\skeleton.02.01r06\skeleton-work\tools\arageli\lib\arageli_Fast_Win32\exception.obj
C:\Users\Zolotykh\Mail.Ru Cloud\arageli\home\Zolotykh\skeleton.02.01r06\skeleton-work\tools\arageli\lib\arageli_Fast_Win32\gauss.obj
C:\Users\Zolotykh\Mail.Ru Cloud\arageli\home\Zolotykh\skeleton.02.01r06\skeleton-work\tools\arageli\lib\arageli_Fast_Win32\gcd.obj
C:\Users\Zolotykh\Mail.Ru Cloud\arageli\home\Zolotykh\skeleton.02.01r06\skeleton-work\tools\arageli\lib\arageli_Fast_Win32\generic.obj
C:\Users\Zolotykh\Mail.Ru Cloud\arageli\home\Zolotykh\skeleton.02.01r06\skeleton-work\tools\arageli\lib\arageli_Fast_Win32\gram_schmidt.obj
C:\Users\Zolotykh\Mail.Ru Cloud\arageli\home\Zolotykh\skeleton.02.01r06\skeleton-work\tools\arageli\lib\arageli_Fast_Win32\groebner_basis.obj
C:\Users\Zolotykh\Mail.Ru Cloud\arageli\home\Zolotykh\skeleton.02.01r06\skeleton-work\tools\arageli\lib\arageli_Fast_Win32\hafner.obj
C:\Users\Zolotykh\Mail.Ru Cloud\arageli\home\Zolotykh\skeleton.02.01r06\skeleton-work\tools\arageli\lib\arageli_Fast_Win32\hermite.obj
C:\Users\Zolotykh\Mail.Ru Cloud\arageli\home\Zolotykh\skeleton.02.01r06\skeleton-work\tools\arageli\lib\arageli_Fast_Win32\intalg.obj
C:\Users\Zolotykh\Mail.Ru Cloud\arageli\home\Zolotykh\skeleton.02.01r06\skeleton-work\tools\arageli\lib\arageli_Fast_Win32\intconvex.obj
C:\Users\Zolotykh\Mail.Ru Cloud\arageli\home\Zolotykh\skeleton.02.01r06\skeleton-work\tools\arageli\lib\arageli_Fast_Win32\intcount_barvinok.obj
C:\Users\Zolotykh\Mail.Ru Cloud\arageli\home\Zolotykh\skeleton.02.01r06\skeleton-work\tools\arageli\lib\arageli_Fast_Win32\io.obj
C:\Users\Zolotykh\Mail.Ru Cloud\arageli\home\Zolotykh\skeleton.02.01r06\skeleton-work\tools\arageli\lib\arageli_Fast_Win32\karatsuba.obj
C:\Users\Zolotykh\Mail.Ru Cloud\arageli\home\Zolotykh\skeleton.02.01r06\skeleton-work\tools\arageli\lib\arageli_Fast_Win32\lib.command.1.tlog
C:\Users\Zolotykh\Mail.Ru Cloud\arageli\home\Zolotykh\skeleton.02.01r06\skeleton-work\tools\arageli\lib\arageli_Fast_Win32\Lib-link.read.1.tlog
C:\Users\Zolotykh\Mail.Ru Cloud\arageli\home\Zolotykh\skeleton.02.01r06\skeleton-work\tools\arageli\lib\arageli_Fast_Win32\Lib-link.write.1.tlog
C:\Users\Zolotykh\Mail.Ru Cloud\arageli\home\Zolotykh\skeleton.02.01r06\skeleton-work\tools\arageli\lib\arageli_Fast_Win32\linopt.obj
C:\Users\Zolotykh\Mail.Ru Cloud\arageli\home\Zolotykh\skeleton.02.01r06\skeleton-work\tools\arageli\lib\arageli_Fast_Win32\lll.obj
C:\Users\Zolotykh\Mail.Ru Cloud\arageli\home\Zolotykh\skeleton.02.01r06\skeleton-work\tools\arageli\lib\arageli_Fast_Win32\logarithm.obj
C:\Users\Zolotykh\Mail.Ru Cloud\arageli\home\Zolotykh\skeleton.02.01r06\skeleton-work\tools\arageli\lib\arageli_Fast_Win32\matrix.obj
C:\Users\Zolotykh\Mail.Ru Cloud\arageli\home\Zolotykh\skeleton.02.01r06\skeleton-work\tools\arageli\lib\arageli_Fast_Win32\motzkin_burger.obj
C:\Users\Zolotykh\Mail.Ru Cloud\arageli\home\Zolotykh\skeleton.02.01r06\skeleton-work\tools\arageli\lib\arageli_Fast_Win32\near_optimal.obj
C:\Users\Zolotykh\Mail.Ru Cloud\arageli\home\Zolotykh\skeleton.02.01r06\skeleton-work\tools\arageli\lib\arageli_Fast_Win32\orthogonal.obj
C:\Users\Zolotykh\Mail.Ru Cloud\arageli\home\Zolotykh\skeleton.02.01r06\skeleton-work\tools\arageli\lib\arageli_Fast_Win32\pollard_mult.obj
C:\Users\Zolotykh\Mail.Ru Cloud\arageli\home\Zolotykh\skeleton.02.01r06\skeleton-work\tools\arageli\lib\arageli_Fast_Win32\polyhedron.obj
C:\Users\Zolotykh\Mail.Ru Cloud\arageli\home\Zolotykh\skeleton.02.01r06\skeleton-work\tools\arageli\lib\arageli_Fast_Win32\polyhedron_relation.obj
C:\Users\Zolotykh\Mail.Ru Cloud\arageli\home\Zolotykh\skeleton.02.01r06\skeleton-work\tools\arageli\lib\arageli_Fast_Win32\polynom.obj
C:\Users\Zolotykh\Mail.Ru Cloud\arageli\home\Zolotykh\skeleton.02.01r06\skeleton-work\tools\arageli\lib\arageli_Fast_Win32\powerest.obj
C:\Users\Zolotykh\Mail.Ru Cloud\arageli\home\Zolotykh\skeleton.02.01r06\skeleton-work\tools\arageli\lib\arageli_Fast_Win32\prime.obj
C:\Users\Zolotykh\Mail.Ru Cloud\arageli\home\Zolotykh\skeleton.02.01r06\skeleton-work\tools\arageli\lib\arageli_Fast_Win32\rational.obj
C:\Users\Zolotykh\Mail.Ru Cloud\arageli\home\Zolotykh\skeleton.02.01r06\skeleton-work\tools\arageli\lib\arageli_Fast_Win32\resultant.obj
C:\Users\Zolotykh\Mail.Ru Cloud\arageli\home\Zolotykh\skeleton.02.01r06\skeleton-work\tools\arageli\lib\arageli_Fast_Win32\sideset.obj
C:\Users\Zolotykh\Mail.Ru Cloud\arageli\home\Zolotykh\skeleton.02.01r06\skeleton-work\tools\arageli\lib\arageli_Fast_Win32\smith.obj
C:\Users\Zolotykh\Mail.Ru Cloud\arageli\home\Zolotykh\skeleton.02.01r06\skeleton-work\tools\arageli\lib\arageli_Fast_Win32\smithpoly.obj
C:\Users\Zolotykh\Mail.Ru Cloud\arageli\home\Zolotykh\skeleton.02.01r06\skeleton-work\tools\arageli\lib\arageli_Fast_Win32\solve_linsys.obj
C:\Users\Zolotykh\Mail.Ru Cloud\arageli\home\Zolotykh\skeleton.02.01r06\skeleton-work\tools\arageli\lib\arageli_Fast_Win32\sparse_multipolynom.obj
C:\Users\Zolotykh\Mail.Ru Cloud\arageli\home\Zolotykh\skeleton.02.01r06\skeleton-work\tools\arageli\lib\arageli_Fast_Win32\sparse_polynom.obj
C:\Users\Zolotykh\Mail.Ru Cloud\arageli\home\Zolotykh\skeleton.02.01r06\skeleton-work\tools\arageli\lib\arageli_Fast_Win32\storjohann.obj
C:\Users\Zolotykh\Mail.Ru Cloud\arageli\home\Zolotykh\skeleton.02.01r06\skeleton-work\tools\arageli\lib\arageli_Fast_Win32\storjohann1.obj
C:\Users\Zolotykh\Mail.Ru Cloud\arageli\home\Zolotykh\skeleton.02.01r06\skeleton-work\tools\arageli\lib\arageli_Fast_Win32\sturm.obj
C:\Users\Zolotykh\Mail.Ru Cloud\arageli\home\Zolotykh\skeleton.02.01r06\skeleton-work\tools\arageli\lib\arageli_Fast_Win32\tex_cartesian2d.obj
C:\Users\Zolotykh\Mail.Ru Cloud\arageli\home\Zolotykh\skeleton.02.01r06\skeleton-work\tools\arageli\lib\arageli_Fast_Win32\texout.obj
C:\Users\Zolotykh\Mail.Ru Cloud\arageli\home\Zolotykh\skeleton.02.01r06\skeleton-work\tools\arageli\lib\arageli_Fast_Win32\timer.obj
C:\Users\Zolotykh\Mail.Ru Cloud\arageli\home\Zolotykh\skeleton.02.01r06\skeleton-work\tools\arageli\lib\arageli_Fast_Win32\triangulation.obj
C:\Users\Zolotykh\Mail.Ru Cloud\arageli\home\Zolotykh\skeleton.02.01r06\skeleton-work\tools\arageli\lib\arageli_Fast_Win32\type_opers.obj
C:\Users\Zolotykh\Mail.Ru Cloud\arageli\home\Zolotykh\skeleton.02.01r06\skeleton-work\tools\arageli\lib\arageli_Fast_Win32\type_traits.obj
C:\Users\Zolotykh\Mail.Ru Cloud\arageli\home\Zolotykh\skeleton.02.01r06\skeleton-work\tools\arageli\lib\arageli_Fast_Win32\vc100.pdb
C:\Users\Zolotykh\Mail.Ru Cloud\arageli\home\Zolotykh\skeleton.02.01r06\skeleton-work\tools\arageli\lib\arageli_Fast_Win32\vecalg.obj
C:\Users\Zolotykh\Mail.Ru Cloud\arageli\home\Zolotykh\skeleton.02.01r06\skeleton-work\tools\arageli\lib\arageli_Fast_Win32\vector.obj
C:\Users\Zolotykh\Mail.Ru Cloud\arageli\home\Zolotykh\skeleton.02.01r06\skeleton-work\tools\arageli\lib\arageli_Fast_Win32\winograd.obj
