C:\USERS\ZOLOTYKH\ZOL\ARAGELI\HOME\ZOLOTYKH\SKELETON.02.01.05\SKELETON-WORK\TOOLS\ARAGELI\LIB\ARAGELI_DEBUG_WIN32\_UTILITY.OBJ
C:\USERS\ZOLOTYKH\ZOL\ARAGELI\HOME\ZOLOTYKH\SKELETON.02.01.05\SKELETON-WORK\TOOLS\ARAGELI\LIB\ARAGELI_DEBUG_WIN32\ADVSIMPLMETH.OBJ
C:\USERS\ZOLOTYKH\ZOL\ARAGELI\HOME\ZOLOTYKH\SKELETON.02.01.05\SKELETON-WORK\TOOLS\ARAGELI\LIB\ARAGELI_DEBUG_WIN32\ALGEBRAIC.OBJ
C:\USERS\ZOLOTYKH\ZOL\ARAGELI\HOME\ZOLOTYKH\SKELETON.02.01.05\SKELETON-WORK\TOOLS\ARAGELI\LIB\ARAGELI_DEBUG_WIN32\ALGEBRSLT.OBJ
C:\USERS\ZOLOTYKH\ZOL\ARAGELI\HOME\ZOLOTYKH\SKELETON.02.01.05\SKELETON-WORK\TOOLS\ARAGELI\LIB\ARAGELI_DEBUG_WIN32\BAREISS.OBJ
C:\USERS\ZOLOTYKH\ZOL\ARAGELI\HOME\ZOLOTYKH\SKELETON.02.01.05\SKELETON-WORK\TOOLS\ARAGELI\LIB\ARAGELI_DEBUG_WIN32\BERLEKAMP_HENSEL.OBJ
C:\USERS\ZOLOTYKH\ZOL\ARAGELI\HOME\ZOLOTYKH\SKELETON.02.01.05\SKELETON-WORK\TOOLS\ARAGELI\LIB\ARAGELI_DEBUG_WIN32\BIG_CONST.OBJ
C:\USERS\ZOLOTYKH\ZOL\ARAGELI\HOME\ZOLOTYKH\SKELETON.02.01.05\SKELETON-WORK\TOOLS\ARAGELI\LIB\ARAGELI_DEBUG_WIN32\BIG_FLOAT.OBJ
C:\USERS\ZOLOTYKH\ZOL\ARAGELI\HOME\ZOLOTYKH\SKELETON.02.01.05\SKELETON-WORK\TOOLS\ARAGELI\LIB\ARAGELI_DEBUG_WIN32\BIG_INT.OBJ
C:\USERS\ZOLOTYKH\ZOL\ARAGELI\HOME\ZOLOTYKH\SKELETON.02.01.05\SKELETON-WORK\TOOLS\ARAGELI\LIB\ARAGELI_DEBUG_WIN32\BIGAR.OBJ
C:\USERS\ZOLOTYKH\ZOL\ARAGELI\HOME\ZOLOTYKH\SKELETON.02.01.05\SKELETON-WORK\TOOLS\ARAGELI\LIB\ARAGELI_DEBUG_WIN32\CANTOR_ZASSENHAUS.OBJ
C:\Users\Zolotykh\zol\arageli\home\Zolotykh\skeleton.02.01.05\skeleton-work\tools\arageli\lib\arageli_Debug_Win32\cl.command.1.tlog
C:\Users\Zolotykh\zol\arageli\home\Zolotykh\skeleton.02.01.05\skeleton-work\tools\arageli\lib\arageli_Debug_Win32\CL.read.1.tlog
C:\Users\Zolotykh\zol\arageli\home\Zolotykh\skeleton.02.01.05\skeleton-work\tools\arageli\lib\arageli_Debug_Win32\CL.write.1.tlog
C:\USERS\ZOLOTYKH\ZOL\ARAGELI\HOME\ZOLOTYKH\SKELETON.02.01.05\SKELETON-WORK\TOOLS\ARAGELI\LIB\ARAGELI_DEBUG_WIN32\CLASSIC.OBJ
C:\USERS\ZOLOTYKH\ZOL\ARAGELI\HOME\ZOLOTYKH\SKELETON.02.01.05\SKELETON-WORK\TOOLS\ARAGELI\LIB\ARAGELI_DEBUG_WIN32\CLASSIC1.OBJ
C:\USERS\ZOLOTYKH\ZOL\ARAGELI\HOME\ZOLOTYKH\SKELETON.02.01.05\SKELETON-WORK\TOOLS\ARAGELI\LIB\ARAGELI_DEBUG_WIN32\CONE.OBJ
C:\USERS\ZOLOTYKH\ZOL\ARAGELI\HOME\ZOLOTYKH\SKELETON.02.01.05\SKELETON-WORK\TOOLS\ARAGELI\LIB\ARAGELI_DEBUG_WIN32\DOMICH.OBJ
C:\USERS\ZOLOTYKH\ZOL\ARAGELI\HOME\ZOLOTYKH\SKELETON.02.01.05\SKELETON-WORK\TOOLS\ARAGELI\LIB\ARAGELI_DEBUG_WIN32\EXCEPTION.OBJ
C:\USERS\ZOLOTYKH\ZOL\ARAGELI\HOME\ZOLOTYKH\SKELETON.02.01.05\SKELETON-WORK\TOOLS\ARAGELI\LIB\ARAGELI_DEBUG_WIN32\GAUSS.OBJ
C:\USERS\ZOLOTYKH\ZOL\ARAGELI\HOME\ZOLOTYKH\SKELETON.02.01.05\SKELETON-WORK\TOOLS\ARAGELI\LIB\ARAGELI_DEBUG_WIN32\GCD.OBJ
C:\USERS\ZOLOTYKH\ZOL\ARAGELI\HOME\ZOLOTYKH\SKELETON.02.01.05\SKELETON-WORK\TOOLS\ARAGELI\LIB\ARAGELI_DEBUG_WIN32\GENERIC.OBJ
C:\USERS\ZOLOTYKH\ZOL\ARAGELI\HOME\ZOLOTYKH\SKELETON.02.01.05\SKELETON-WORK\TOOLS\ARAGELI\LIB\ARAGELI_DEBUG_WIN32\GRAM_SCHMIDT.OBJ
C:\USERS\ZOLOTYKH\ZOL\ARAGELI\HOME\ZOLOTYKH\SKELETON.02.01.05\SKELETON-WORK\TOOLS\ARAGELI\LIB\ARAGELI_DEBUG_WIN32\GROEBNER_BASIS.OBJ
C:\USERS\ZOLOTYKH\ZOL\ARAGELI\HOME\ZOLOTYKH\SKELETON.02.01.05\SKELETON-WORK\TOOLS\ARAGELI\LIB\ARAGELI_DEBUG_WIN32\HAFNER.OBJ
C:\USERS\ZOLOTYKH\ZOL\ARAGELI\HOME\ZOLOTYKH\SKELETON.02.01.05\SKELETON-WORK\TOOLS\ARAGELI\LIB\ARAGELI_DEBUG_WIN32\HERMITE.OBJ
C:\USERS\ZOLOTYKH\ZOL\ARAGELI\HOME\ZOLOTYKH\SKELETON.02.01.05\SKELETON-WORK\TOOLS\ARAGELI\LIB\ARAGELI_DEBUG_WIN32\INTALG.OBJ
C:\USERS\ZOLOTYKH\ZOL\ARAGELI\HOME\ZOLOTYKH\SKELETON.02.01.05\SKELETON-WORK\TOOLS\ARAGELI\LIB\ARAGELI_DEBUG_WIN32\INTCONVEX.OBJ
C:\USERS\ZOLOTYKH\ZOL\ARAGELI\HOME\ZOLOTYKH\SKELETON.02.01.05\SKELETON-WORK\TOOLS\ARAGELI\LIB\ARAGELI_DEBUG_WIN32\INTCOUNT_BARVINOK.OBJ
C:\USERS\ZOLOTYKH\ZOL\ARAGELI\HOME\ZOLOTYKH\SKELETON.02.01.05\SKELETON-WORK\TOOLS\ARAGELI\LIB\ARAGELI_DEBUG_WIN32\IO.OBJ
C:\USERS\ZOLOTYKH\ZOL\ARAGELI\HOME\ZOLOTYKH\SKELETON.02.01.05\SKELETON-WORK\TOOLS\ARAGELI\LIB\ARAGELI_DEBUG_WIN32\KARATSUBA.OBJ
C:\Users\Zolotykh\zol\arageli\home\Zolotykh\skeleton.02.01.05\skeleton-work\tools\arageli\lib\arageli_Debug_Win32\lib.command.1.tlog
C:\Users\Zolotykh\zol\arageli\home\Zolotykh\skeleton.02.01.05\skeleton-work\tools\arageli\lib\arageli_Debug_Win32\Lib-link.read.1.tlog
C:\Users\Zolotykh\zol\arageli\home\Zolotykh\skeleton.02.01.05\skeleton-work\tools\arageli\lib\arageli_Debug_Win32\Lib-link.write.1.tlog
C:\USERS\ZOLOTYKH\ZOL\ARAGELI\HOME\ZOLOTYKH\SKELETON.02.01.05\SKELETON-WORK\TOOLS\ARAGELI\LIB\ARAGELI_DEBUG_WIN32\LINOPT.OBJ
C:\USERS\ZOLOTYKH\ZOL\ARAGELI\HOME\ZOLOTYKH\SKELETON.02.01.05\SKELETON-WORK\TOOLS\ARAGELI\LIB\ARAGELI_DEBUG_WIN32\LLL.OBJ
C:\USERS\ZOLOTYKH\ZOL\ARAGELI\HOME\ZOLOTYKH\SKELETON.02.01.05\SKELETON-WORK\TOOLS\ARAGELI\LIB\ARAGELI_DEBUG_WIN32\LOGARITHM.OBJ
C:\USERS\ZOLOTYKH\ZOL\ARAGELI\HOME\ZOLOTYKH\SKELETON.02.01.05\SKELETON-WORK\TOOLS\ARAGELI\LIB\ARAGELI_DEBUG_WIN32\MATRIX.OBJ
C:\USERS\ZOLOTYKH\ZOL\ARAGELI\HOME\ZOLOTYKH\SKELETON.02.01.05\SKELETON-WORK\TOOLS\ARAGELI\LIB\ARAGELI_DEBUG_WIN32\MOTZKIN_BURGER.OBJ
C:\USERS\ZOLOTYKH\ZOL\ARAGELI\HOME\ZOLOTYKH\SKELETON.02.01.05\SKELETON-WORK\TOOLS\ARAGELI\LIB\ARAGELI_DEBUG_WIN32\NEAR_OPTIMAL.OBJ
C:\USERS\ZOLOTYKH\ZOL\ARAGELI\HOME\ZOLOTYKH\SKELETON.02.01.05\SKELETON-WORK\TOOLS\ARAGELI\LIB\ARAGELI_DEBUG_WIN32\ORTHOGONAL.OBJ
C:\USERS\ZOLOTYKH\ZOL\ARAGELI\HOME\ZOLOTYKH\SKELETON.02.01.05\SKELETON-WORK\TOOLS\ARAGELI\LIB\ARAGELI_DEBUG_WIN32\POLLARD_MULT.OBJ
C:\USERS\ZOLOTYKH\ZOL\ARAGELI\HOME\ZOLOTYKH\SKELETON.02.01.05\SKELETON-WORK\TOOLS\ARAGELI\LIB\ARAGELI_DEBUG_WIN32\POLYHEDRON.OBJ
C:\USERS\ZOLOTYKH\ZOL\ARAGELI\HOME\ZOLOTYKH\SKELETON.02.01.05\SKELETON-WORK\TOOLS\ARAGELI\LIB\ARAGELI_DEBUG_WIN32\POLYHEDRON_RELATION.OBJ
C:\USERS\ZOLOTYKH\ZOL\ARAGELI\HOME\ZOLOTYKH\SKELETON.02.01.05\SKELETON-WORK\TOOLS\ARAGELI\LIB\ARAGELI_DEBUG_WIN32\POLYNOM.OBJ
C:\USERS\ZOLOTYKH\ZOL\ARAGELI\HOME\ZOLOTYKH\SKELETON.02.01.05\SKELETON-WORK\TOOLS\ARAGELI\LIB\ARAGELI_DEBUG_WIN32\POWEREST.OBJ
C:\USERS\ZOLOTYKH\ZOL\ARAGELI\HOME\ZOLOTYKH\SKELETON.02.01.05\SKELETON-WORK\TOOLS\ARAGELI\LIB\ARAGELI_DEBUG_WIN32\PRIME.OBJ
C:\USERS\ZOLOTYKH\ZOL\ARAGELI\HOME\ZOLOTYKH\SKELETON.02.01.05\SKELETON-WORK\TOOLS\ARAGELI\LIB\ARAGELI_DEBUG_WIN32\RATIONAL.OBJ
C:\USERS\ZOLOTYKH\ZOL\ARAGELI\HOME\ZOLOTYKH\SKELETON.02.01.05\SKELETON-WORK\TOOLS\ARAGELI\LIB\ARAGELI_DEBUG_WIN32\RESULTANT.OBJ
C:\USERS\ZOLOTYKH\ZOL\ARAGELI\HOME\ZOLOTYKH\SKELETON.02.01.05\SKELETON-WORK\TOOLS\ARAGELI\LIB\ARAGELI_DEBUG_WIN32\SIDESET.OBJ
C:\USERS\ZOLOTYKH\ZOL\ARAGELI\HOME\ZOLOTYKH\SKELETON.02.01.05\SKELETON-WORK\TOOLS\ARAGELI\LIB\ARAGELI_DEBUG_WIN32\SMITH.OBJ
C:\USERS\ZOLOTYKH\ZOL\ARAGELI\HOME\ZOLOTYKH\SKELETON.02.01.05\SKELETON-WORK\TOOLS\ARAGELI\LIB\ARAGELI_DEBUG_WIN32\SMITHPOLY.OBJ
C:\USERS\ZOLOTYKH\ZOL\ARAGELI\HOME\ZOLOTYKH\SKELETON.02.01.05\SKELETON-WORK\TOOLS\ARAGELI\LIB\ARAGELI_DEBUG_WIN32\SOLVE_LINSYS.OBJ
C:\USERS\ZOLOTYKH\ZOL\ARAGELI\HOME\ZOLOTYKH\SKELETON.02.01.05\SKELETON-WORK\TOOLS\ARAGELI\LIB\ARAGELI_DEBUG_WIN32\SPARSE_MULTIPOLYNOM.OBJ
C:\USERS\ZOLOTYKH\ZOL\ARAGELI\HOME\ZOLOTYKH\SKELETON.02.01.05\SKELETON-WORK\TOOLS\ARAGELI\LIB\ARAGELI_DEBUG_WIN32\SPARSE_POLYNOM.OBJ
C:\USERS\ZOLOTYKH\ZOL\ARAGELI\HOME\ZOLOTYKH\SKELETON.02.01.05\SKELETON-WORK\TOOLS\ARAGELI\LIB\ARAGELI_DEBUG_WIN32\STORJOHANN.OBJ
C:\USERS\ZOLOTYKH\ZOL\ARAGELI\HOME\ZOLOTYKH\SKELETON.02.01.05\SKELETON-WORK\TOOLS\ARAGELI\LIB\ARAGELI_DEBUG_WIN32\STORJOHANN1.OBJ
C:\USERS\ZOLOTYKH\ZOL\ARAGELI\HOME\ZOLOTYKH\SKELETON.02.01.05\SKELETON-WORK\TOOLS\ARAGELI\LIB\ARAGELI_DEBUG_WIN32\STURM.OBJ
C:\USERS\ZOLOTYKH\ZOL\ARAGELI\HOME\ZOLOTYKH\SKELETON.02.01.05\SKELETON-WORK\TOOLS\ARAGELI\LIB\ARAGELI_DEBUG_WIN32\TEX_CARTESIAN2D.OBJ
C:\USERS\ZOLOTYKH\ZOL\ARAGELI\HOME\ZOLOTYKH\SKELETON.02.01.05\SKELETON-WORK\TOOLS\ARAGELI\LIB\ARAGELI_DEBUG_WIN32\TEXOUT.OBJ
C:\USERS\ZOLOTYKH\ZOL\ARAGELI\HOME\ZOLOTYKH\SKELETON.02.01.05\SKELETON-WORK\TOOLS\ARAGELI\LIB\ARAGELI_DEBUG_WIN32\TIMER.OBJ
C:\USERS\ZOLOTYKH\ZOL\ARAGELI\HOME\ZOLOTYKH\SKELETON.02.01.05\SKELETON-WORK\TOOLS\ARAGELI\LIB\ARAGELI_DEBUG_WIN32\TRIANGULATION.OBJ
C:\USERS\ZOLOTYKH\ZOL\ARAGELI\HOME\ZOLOTYKH\SKELETON.02.01.05\SKELETON-WORK\TOOLS\ARAGELI\LIB\ARAGELI_DEBUG_WIN32\TYPE_OPERS.OBJ
C:\USERS\ZOLOTYKH\ZOL\ARAGELI\HOME\ZOLOTYKH\SKELETON.02.01.05\SKELETON-WORK\TOOLS\ARAGELI\LIB\ARAGELI_DEBUG_WIN32\TYPE_TRAITS.OBJ
C:\Users\Zolotykh\zol\arageli\home\Zolotykh\skeleton.02.01.05\skeleton-work\tools\arageli\lib\arageli_Debug_Win32\vc100.idb
C:\USERS\ZOLOTYKH\ZOL\ARAGELI\HOME\ZOLOTYKH\SKELETON.02.01.05\SKELETON-WORK\TOOLS\ARAGELI\LIB\ARAGELI_DEBUG_WIN32\VC100.PDB
C:\USERS\ZOLOTYKH\ZOL\ARAGELI\HOME\ZOLOTYKH\SKELETON.02.01.05\SKELETON-WORK\TOOLS\ARAGELI\LIB\ARAGELI_DEBUG_WIN32\VECALG.OBJ
C:\USERS\ZOLOTYKH\ZOL\ARAGELI\HOME\ZOLOTYKH\SKELETON.02.01.05\SKELETON-WORK\TOOLS\ARAGELI\LIB\ARAGELI_DEBUG_WIN32\VECTOR.OBJ
C:\USERS\ZOLOTYKH\ZOL\ARAGELI\HOME\ZOLOTYKH\SKELETON.02.01.05\SKELETON-WORK\TOOLS\ARAGELI\LIB\ARAGELI_DEBUG_WIN32\WINOGRAD.OBJ
C:\USERS\ZOLOTYKH\ZOL\ARAGELI\HOME\ZOLOTYKH\SKELETON.02.01.05\SKELETON-WORK\TOOLS\ARAGELI\LIB\ARAGELI32D.LIB
