Build started 12.06.2012 15:54:01.
     1>Project "C:\Users\Zolotykh\zol\arageli\home\Zolotykh\skeleton.02.01.05\skeleton-work\tools\arageli\build\msvs_2008\arageli\arageli.vcxproj" on node 2 (rebuild target(s)).
     1>_PrepareForClean:
         Deleting file "../../../lib\arageli_Debug_Win32\arageli.lastbuildstate".
       InitializeBuildStatus:
         Creating "../../../lib\arageli_Debug_Win32\arageli.unsuccessfulbuild" because "AlwaysCreate" was specified.
       ClCompile:
         C:\Program Files (x86)\Microsoft Visual Studio 10.0\VC\bin\CL.exe /c /ZI /nologo /W3 /WX- /Od /Oy- /D WIN32 /D _DEBUG /D _CONSOLE /D ARAGELI_SOURCE /D ARAGELI_DEBUG_LEVEL=3 /D _MBCS /Gm /EHsc /RTC1 /MDd /GS /fp:precise /Zc:wchar_t /Zc:forScope /GR /Fo"../../../lib\arageli_Debug_Win32\\" /Fd"../../../lib\arageli_Debug_Win32\vc100.pdb" /Gd /TP /analyze- /errorReport:prompt ..\..\..\src\arageli\_utility.cpp ..\..\..\src\arageli\advsimplmeth.cpp ..\..\..\src\arageli\algebraic.cpp ..\..\..\src\arageli\algebrslt.cpp ..\..\..\src\arageli\bareiss.cpp ..\..\..\src\arageli\berlekamp_hensel.cpp ..\..\..\src\arageli\big_const.cpp ..\..\..\src\arageli\big_float.cpp ..\..\..\src\arageli\big_int.cpp ..\..\..\src\arageli\bigar.cpp ..\..\..\src\arageli\cantor_zassenhaus.cpp ..\..\..\src\arageli\cone.cpp ..\..\..\src\arageli\exception.cpp ..\..\..\src\arageli\gauss.cpp ..\..\..\src\arageli\gcd.cpp ..\..\..\src\arageli\generic.cpp ..\..\..\src\arageli\gram_schmidt.cpp ..\..\..\src\arageli\groebner_basis.cpp ..\..\..\src\arageli\hermite.cpp ..\..\..\src\arageli\intalg.cpp ..\..\..\src\arageli\intconvex.cpp ..\..\..\src\arageli\intcount_barvinok.cpp ..\..\..\src\arageli\io.cpp ..\..\..\src\arageli\karatsuba.cpp ..\..\..\src\arageli\linopt.cpp ..\..\..\src\arageli\lll.cpp ..\..\..\src\arageli\logarithm.cpp ..\..\..\src\arageli\matrix.cpp ..\..\..\src\arageli\motzkin_burger.cpp ..\..\..\src\arageli\orthogonal.cpp ..\..\..\src\arageli\pollard_mult.cpp ..\..\..\src\arageli\polyhedron.cpp ..\..\..\src\arageli\polyhedron_relation.cpp ..\..\..\src\arageli\polynom.cpp ..\..\..\src\arageli\powerest.cpp ..\..\..\src\arageli\prime.cpp ..\..\..\src\arageli\rational.cpp ..\..\..\src\arageli\resultant.cpp ..\..\..\src\arageli\sideset.cpp ..\..\..\src\arageli\smith.cpp ..\..\..\src\arageli\smithpoly.cpp ..\..\..\src\arageli\solve_linsys.cpp ..\..\..\src\arageli\sparse_multipolynom.cpp ..\..\..\src\arageli\sparse_polynom.cpp ..\..\..\src\arageli\sturm.cpp ..\..\..\src\arageli\tex_cartesian2d.cpp ..\..\..\src\arageli\texout.cpp ..\..\..\src\arageli\timer.cpp ..\..\..\src\arageli\triangulation.cpp ..\..\..\src\arageli\type_opers.cpp ..\..\..\src\arageli\type_traits.cpp ..\..\..\src\arageli\vecalg.cpp ..\..\..\src\arageli\vector.cpp ..\..\..\src\arageli\winograd.cpp ..\..\..\src\arageli\smith\near_optimal.cpp ..\..\..\src\arageli\hermite\classic.cpp ..\..\..\src\arageli\hermite\domich.cpp ..\..\..\src\arageli\hermite\hafner.cpp ..\..\..\src\arageli\hermite\storjohann.cpp
         storjohann.cpp
         hafner.cpp
         domich.cpp
         classic.cpp
         near_optimal.cpp
         winograd.cpp
         vector.cpp
         vecalg.cpp
         type_traits.cpp
         type_opers.cpp
         triangulation.cpp
         timer.cpp
         texout.cpp
         tex_cartesian2d.cpp
         sturm.cpp
         sparse_polynom.cpp
         sparse_multipolynom.cpp
         solve_linsys.cpp
         smithpoly.cpp
         smith.cpp
         Generating Code...
         Compiling...
         sideset.cpp
         resultant.cpp
         rational.cpp
         prime.cpp
         powerest.cpp
         polynom.cpp
         polyhedron_relation.cpp
         polyhedron.cpp
         pollard_mult.cpp
         orthogonal.cpp
         motzkin_burger.cpp
         matrix.cpp
         logarithm.cpp
         lll.cpp
         linopt.cpp
         karatsuba.cpp
         io.cpp
         intcount_barvinok.cpp
         intconvex.cpp
         intalg.cpp
         Generating Code...
         Compiling...
         hermite.cpp
         groebner_basis.cpp
         gram_schmidt.cpp
         generic.cpp
         gcd.cpp
         gauss.cpp
         exception.cpp
         cone.cpp
         cantor_zassenhaus.cpp
         bigar.cpp
         big_int.cpp
         big_float.cpp
         big_const.cpp
         berlekamp_hensel.cpp
         bareiss.cpp
         algebrslt.cpp
         algebraic.cpp
         advsimplmeth.cpp
         _utility.cpp
         Generating Code...
         C:\Program Files (x86)\Microsoft Visual Studio 10.0\VC\bin\CL.exe /c /ZI /nologo /W3 /WX- /Od /Oy- /D WIN32 /D _DEBUG /D _CONSOLE /D ARAGELI_SOURCE /D ARAGELI_DEBUG_LEVEL=3 /D _MBCS /Gm /EHsc /RTC1 /MDd /GS /fp:precise /Zc:wchar_t /Zc:forScope /GR /Fo"../../../lib\arageli_Debug_Win32\classic1.obj" /Fd"../../../lib\arageli_Debug_Win32\vc100.pdb" /Gd /TP /analyze- /errorReport:prompt ..\..\..\src\arageli\smith\classic.cpp
         classic.cpp
         C:\Program Files (x86)\Microsoft Visual Studio 10.0\VC\bin\CL.exe /c /ZI /nologo /W3 /WX- /Od /Oy- /D WIN32 /D _DEBUG /D _CONSOLE /D ARAGELI_SOURCE /D ARAGELI_DEBUG_LEVEL=3 /D _MBCS /Gm /EHsc /RTC1 /MDd /GS /fp:precise /Zc:wchar_t /Zc:forScope /GR /Fo"../../../lib\arageli_Debug_Win32\storjohann1.obj" /Fd"../../../lib\arageli_Debug_Win32\vc100.pdb" /Gd /TP /analyze- /errorReport:prompt ..\..\..\src\arageli\smith\storjohann.cpp
         storjohann.cpp
     1>C:\Program Files (x86)\MSBuild\Microsoft.Cpp\v4.0\Microsoft.CppBuild.targets(1151,5): warning MSB8012: TargetPath(C:\Users\Zolotykh\zol\arageli\home\Zolotykh\skeleton.02.01.05\skeleton-work\tools\arageli\build\msvs_2008\arageli\../../../lib\arageli.lib) does not match the Library's OutputFile property value (C:\Users\Zolotykh\zol\arageli\home\Zolotykh\skeleton.02.01.05\skeleton-work\tools\arageli\lib\arageli32d.lib). This may cause your project to build incorrectly. To correct this, please make sure that $(OutDir), $(TargetName) and $(TargetExt) property values match the value specified in %(Lib.OutputFile).
     1>C:\Program Files (x86)\MSBuild\Microsoft.Cpp\v4.0\Microsoft.CppBuild.targets(1153,5): warning MSB8012: TargetName(arageli) does not match the Library's OutputFile property value (arageli32d). This may cause your project to build incorrectly. To correct this, please make sure that $(OutDir), $(TargetName) and $(TargetExt) property values match the value specified in %(Lib.OutputFile).
       Lib:
         C:\Program Files (x86)\Microsoft Visual Studio 10.0\VC\bin\Lib.exe /OUT:"../../../lib\arageli32d.lib" /NOLOGO ../../../lib\arageli_Debug_Win32\_utility.obj
         ../../../lib\arageli_Debug_Win32\advsimplmeth.obj
         ../../../lib\arageli_Debug_Win32\algebraic.obj
         ../../../lib\arageli_Debug_Win32\algebrslt.obj
         ../../../lib\arageli_Debug_Win32\bareiss.obj
         ../../../lib\arageli_Debug_Win32\berlekamp_hensel.obj
         ../../../lib\arageli_Debug_Win32\big_const.obj
         ../../../lib\arageli_Debug_Win32\big_float.obj
         ../../../lib\arageli_Debug_Win32\big_int.obj
         ../../../lib\arageli_Debug_Win32\bigar.obj
         ../../../lib\arageli_Debug_Win32\cantor_zassenhaus.obj
         ../../../lib\arageli_Debug_Win32\cone.obj
         ../../../lib\arageli_Debug_Win32\exception.obj
         ../../../lib\arageli_Debug_Win32\gauss.obj
         ../../../lib\arageli_Debug_Win32\gcd.obj
         ../../../lib\arageli_Debug_Win32\generic.obj
         ../../../lib\arageli_Debug_Win32\gram_schmidt.obj
         ../../../lib\arageli_Debug_Win32\groebner_basis.obj
         ../../../lib\arageli_Debug_Win32\hermite.obj
         ../../../lib\arageli_Debug_Win32\intalg.obj
         ../../../lib\arageli_Debug_Win32\intconvex.obj
         ../../../lib\arageli_Debug_Win32\intcount_barvinok.obj
         ../../../lib\arageli_Debug_Win32\io.obj
         ../../../lib\arageli_Debug_Win32\karatsuba.obj
         ../../../lib\arageli_Debug_Win32\linopt.obj
         ../../../lib\arageli_Debug_Win32\lll.obj
         ../../../lib\arageli_Debug_Win32\logarithm.obj
         ../../../lib\arageli_Debug_Win32\matrix.obj
         ../../../lib\arageli_Debug_Win32\motzkin_burger.obj
         ../../../lib\arageli_Debug_Win32\orthogonal.obj
         ../../../lib\arageli_Debug_Win32\pollard_mult.obj
         ../../../lib\arageli_Debug_Win32\polyhedron.obj
         ../../../lib\arageli_Debug_Win32\polyhedron_relation.obj
         ../../../lib\arageli_Debug_Win32\polynom.obj
         ../../../lib\arageli_Debug_Win32\powerest.obj
         ../../../lib\arageli_Debug_Win32\prime.obj
         ../../../lib\arageli_Debug_Win32\rational.obj
         ../../../lib\arageli_Debug_Win32\resultant.obj
         ../../../lib\arageli_Debug_Win32\sideset.obj
         ../../../lib\arageli_Debug_Win32\smith.obj
         ../../../lib\arageli_Debug_Win32\smithpoly.obj
         ../../../lib\arageli_Debug_Win32\solve_linsys.obj
         ../../../lib\arageli_Debug_Win32\sparse_multipolynom.obj
         ../../../lib\arageli_Debug_Win32\sparse_polynom.obj
         ../../../lib\arageli_Debug_Win32\sturm.obj
         ../../../lib\arageli_Debug_Win32\tex_cartesian2d.obj
         ../../../lib\arageli_Debug_Win32\texout.obj
         ../../../lib\arageli_Debug_Win32\timer.obj
         ../../../lib\arageli_Debug_Win32\triangulation.obj
         ../../../lib\arageli_Debug_Win32\type_opers.obj
         ../../../lib\arageli_Debug_Win32\type_traits.obj
         ../../../lib\arageli_Debug_Win32\vecalg.obj
         ../../../lib\arageli_Debug_Win32\vector.obj
         ../../../lib\arageli_Debug_Win32\winograd.obj
         ../../../lib\arageli_Debug_Win32\near_optimal.obj
         ../../../lib\arageli_Debug_Win32\classic.obj
         ../../../lib\arageli_Debug_Win32\domich.obj
         ../../../lib\arageli_Debug_Win32\hafner.obj
         ../../../lib\arageli_Debug_Win32\storjohann.obj
         ../../../lib\arageli_Debug_Win32\classic1.obj
         ../../../lib\arageli_Debug_Win32\storjohann1.obj /ignore:4221 
         arageli.vcxproj -> C:\Users\Zolotykh\zol\arageli\home\Zolotykh\skeleton.02.01.05\skeleton-work\tools\arageli\build\msvs_2008\arageli\../../../lib\arageli.lib
       FinalizeBuildStatus:
         Deleting file "../../../lib\arageli_Debug_Win32\arageli.unsuccessfulbuild".
         Touching "../../../lib\arageli_Debug_Win32\arageli.lastbuildstate".
     1>Done Building Project "C:\Users\Zolotykh\zol\arageli\home\Zolotykh\skeleton.02.01.05\skeleton-work\tools\arageli\build\msvs_2008\arageli\arageli.vcxproj" (rebuild target(s)).

Build succeeded.

Time Elapsed 00:00:38.89
