C:\USERS\ZOLOTYKH\ZOL\ARAGELI\HOME\ZOLOTYKH\SKELETON.02.01.05\SKELETON-WORK\TOOLS\ARAGELI\LIB\ARAGELI_FAST_X64\_UTILITY.OBJ
C:\USERS\ZOLOTYKH\ZOL\ARAGELI\HOME\ZOLOTYKH\SKELETON.02.01.05\SKELETON-WORK\TOOLS\ARAGELI\LIB\ARAGELI_FAST_X64\ADVSIMPLMETH.OBJ
C:\USERS\ZOLOTYKH\ZOL\ARAGELI\HOME\ZOLOTYKH\SKELETON.02.01.05\SKELETON-WORK\TOOLS\ARAGELI\LIB\ARAGELI_FAST_X64\ALGEBRAIC.OBJ
C:\USERS\ZOLOTYKH\ZOL\ARAGELI\HOME\ZOLOTYKH\SKELETON.02.01.05\SKELETON-WORK\TOOLS\ARAGELI\LIB\ARAGELI_FAST_X64\ALGEBRSLT.OBJ
C:\Users\Zolotykh\zol\arageli\home\Zolotykh\skeleton.02.01.05\skeleton-work\tools\arageli\lib\arageli_Fast_x64\arageli.vcxprojResolveAssemblyReference.cache
C:\Users\Zolotykh\zol\arageli\home\Zolotykh\skeleton.02.01.05\skeleton-work\tools\arageli\lib\arageli_Fast_x64\arageli.write.1.tlog
C:\USERS\ZOLOTYKH\ZOL\ARAGELI\HOME\ZOLOTYKH\SKELETON.02.01.05\SKELETON-WORK\TOOLS\ARAGELI\LIB\ARAGELI_FAST_X64\BAREISS.OBJ
C:\USERS\ZOLOTYKH\ZOL\ARAGELI\HOME\ZOLOTYKH\SKELETON.02.01.05\SKELETON-WORK\TOOLS\ARAGELI\LIB\ARAGELI_FAST_X64\BERLEKAMP_HENSEL.OBJ
C:\USERS\ZOLOTYKH\ZOL\ARAGELI\HOME\ZOLOTYKH\SKELETON.02.01.05\SKELETON-WORK\TOOLS\ARAGELI\LIB\ARAGELI_FAST_X64\BIG_CONST.OBJ
C:\USERS\ZOLOTYKH\ZOL\ARAGELI\HOME\ZOLOTYKH\SKELETON.02.01.05\SKELETON-WORK\TOOLS\ARAGELI\LIB\ARAGELI_FAST_X64\BIG_FLOAT.OBJ
C:\USERS\ZOLOTYKH\ZOL\ARAGELI\HOME\ZOLOTYKH\SKELETON.02.01.05\SKELETON-WORK\TOOLS\ARAGELI\LIB\ARAGELI_FAST_X64\BIG_INT.OBJ
C:\USERS\ZOLOTYKH\ZOL\ARAGELI\HOME\ZOLOTYKH\SKELETON.02.01.05\SKELETON-WORK\TOOLS\ARAGELI\LIB\ARAGELI_FAST_X64\BIGAR.OBJ
C:\USERS\ZOLOTYKH\ZOL\ARAGELI\HOME\ZOLOTYKH\SKELETON.02.01.05\SKELETON-WORK\TOOLS\ARAGELI\LIB\ARAGELI_FAST_X64\CANTOR_ZASSENHAUS.OBJ
C:\Users\Zolotykh\zol\arageli\home\Zolotykh\skeleton.02.01.05\skeleton-work\tools\arageli\lib\arageli_Fast_x64\cl.command.1.tlog
C:\Users\Zolotykh\zol\arageli\home\Zolotykh\skeleton.02.01.05\skeleton-work\tools\arageli\lib\arageli_Fast_x64\CL.read.1.tlog
C:\Users\Zolotykh\zol\arageli\home\Zolotykh\skeleton.02.01.05\skeleton-work\tools\arageli\lib\arageli_Fast_x64\CL.write.1.tlog
C:\USERS\ZOLOTYKH\ZOL\ARAGELI\HOME\ZOLOTYKH\SKELETON.02.01.05\SKELETON-WORK\TOOLS\ARAGELI\LIB\ARAGELI_FAST_X64\CLASSIC.OBJ
C:\USERS\ZOLOTYKH\ZOL\ARAGELI\HOME\ZOLOTYKH\SKELETON.02.01.05\SKELETON-WORK\TOOLS\ARAGELI\LIB\ARAGELI_FAST_X64\CLASSIC1.OBJ
C:\USERS\ZOLOTYKH\ZOL\ARAGELI\HOME\ZOLOTYKH\SKELETON.02.01.05\SKELETON-WORK\TOOLS\ARAGELI\LIB\ARAGELI_FAST_X64\CONE.OBJ
C:\USERS\ZOLOTYKH\ZOL\ARAGELI\HOME\ZOLOTYKH\SKELETON.02.01.05\SKELETON-WORK\TOOLS\ARAGELI\LIB\ARAGELI_FAST_X64\DOMICH.OBJ
C:\USERS\ZOLOTYKH\ZOL\ARAGELI\HOME\ZOLOTYKH\SKELETON.02.01.05\SKELETON-WORK\TOOLS\ARAGELI\LIB\ARAGELI_FAST_X64\EXCEPTION.OBJ
C:\USERS\ZOLOTYKH\ZOL\ARAGELI\HOME\ZOLOTYKH\SKELETON.02.01.05\SKELETON-WORK\TOOLS\ARAGELI\LIB\ARAGELI_FAST_X64\GAUSS.OBJ
C:\USERS\ZOLOTYKH\ZOL\ARAGELI\HOME\ZOLOTYKH\SKELETON.02.01.05\SKELETON-WORK\TOOLS\ARAGELI\LIB\ARAGELI_FAST_X64\GCD.OBJ
C:\USERS\ZOLOTYKH\ZOL\ARAGELI\HOME\ZOLOTYKH\SKELETON.02.01.05\SKELETON-WORK\TOOLS\ARAGELI\LIB\ARAGELI_FAST_X64\GENERIC.OBJ
C:\USERS\ZOLOTYKH\ZOL\ARAGELI\HOME\ZOLOTYKH\SKELETON.02.01.05\SKELETON-WORK\TOOLS\ARAGELI\LIB\ARAGELI_FAST_X64\GRAM_SCHMIDT.OBJ
C:\USERS\ZOLOTYKH\ZOL\ARAGELI\HOME\ZOLOTYKH\SKELETON.02.01.05\SKELETON-WORK\TOOLS\ARAGELI\LIB\ARAGELI_FAST_X64\GROEBNER_BASIS.OBJ
C:\USERS\ZOLOTYKH\ZOL\ARAGELI\HOME\ZOLOTYKH\SKELETON.02.01.05\SKELETON-WORK\TOOLS\ARAGELI\LIB\ARAGELI_FAST_X64\HAFNER.OBJ
C:\USERS\ZOLOTYKH\ZOL\ARAGELI\HOME\ZOLOTYKH\SKELETON.02.01.05\SKELETON-WORK\TOOLS\ARAGELI\LIB\ARAGELI_FAST_X64\HERMITE.OBJ
C:\USERS\ZOLOTYKH\ZOL\ARAGELI\HOME\ZOLOTYKH\SKELETON.02.01.05\SKELETON-WORK\TOOLS\ARAGELI\LIB\ARAGELI_FAST_X64\INTALG.OBJ
C:\USERS\ZOLOTYKH\ZOL\ARAGELI\HOME\ZOLOTYKH\SKELETON.02.01.05\SKELETON-WORK\TOOLS\ARAGELI\LIB\ARAGELI_FAST_X64\INTCONVEX.OBJ
C:\USERS\ZOLOTYKH\ZOL\ARAGELI\HOME\ZOLOTYKH\SKELETON.02.01.05\SKELETON-WORK\TOOLS\ARAGELI\LIB\ARAGELI_FAST_X64\INTCOUNT_BARVINOK.OBJ
C:\USERS\ZOLOTYKH\ZOL\ARAGELI\HOME\ZOLOTYKH\SKELETON.02.01.05\SKELETON-WORK\TOOLS\ARAGELI\LIB\ARAGELI_FAST_X64\IO.OBJ
C:\USERS\ZOLOTYKH\ZOL\ARAGELI\HOME\ZOLOTYKH\SKELETON.02.01.05\SKELETON-WORK\TOOLS\ARAGELI\LIB\ARAGELI_FAST_X64\KARATSUBA.OBJ
C:\Users\Zolotykh\zol\arageli\home\Zolotykh\skeleton.02.01.05\skeleton-work\tools\arageli\lib\arageli_Fast_x64\lib.command.1.tlog
C:\Users\Zolotykh\zol\arageli\home\Zolotykh\skeleton.02.01.05\skeleton-work\tools\arageli\lib\arageli_Fast_x64\Lib-link.read.1.tlog
C:\Users\Zolotykh\zol\arageli\home\Zolotykh\skeleton.02.01.05\skeleton-work\tools\arageli\lib\arageli_Fast_x64\Lib-link.write.1.tlog
C:\USERS\ZOLOTYKH\ZOL\ARAGELI\HOME\ZOLOTYKH\SKELETON.02.01.05\SKELETON-WORK\TOOLS\ARAGELI\LIB\ARAGELI_FAST_X64\LINOPT.OBJ
C:\USERS\ZOLOTYKH\ZOL\ARAGELI\HOME\ZOLOTYKH\SKELETON.02.01.05\SKELETON-WORK\TOOLS\ARAGELI\LIB\ARAGELI_FAST_X64\LLL.OBJ
C:\USERS\ZOLOTYKH\ZOL\ARAGELI\HOME\ZOLOTYKH\SKELETON.02.01.05\SKELETON-WORK\TOOLS\ARAGELI\LIB\ARAGELI_FAST_X64\LOGARITHM.OBJ
C:\USERS\ZOLOTYKH\ZOL\ARAGELI\HOME\ZOLOTYKH\SKELETON.02.01.05\SKELETON-WORK\TOOLS\ARAGELI\LIB\ARAGELI_FAST_X64\MATRIX.OBJ
C:\USERS\ZOLOTYKH\ZOL\ARAGELI\HOME\ZOLOTYKH\SKELETON.02.01.05\SKELETON-WORK\TOOLS\ARAGELI\LIB\ARAGELI_FAST_X64\MOTZKIN_BURGER.OBJ
C:\USERS\ZOLOTYKH\ZOL\ARAGELI\HOME\ZOLOTYKH\SKELETON.02.01.05\SKELETON-WORK\TOOLS\ARAGELI\LIB\ARAGELI_FAST_X64\NEAR_OPTIMAL.OBJ
C:\USERS\ZOLOTYKH\ZOL\ARAGELI\HOME\ZOLOTYKH\SKELETON.02.01.05\SKELETON-WORK\TOOLS\ARAGELI\LIB\ARAGELI_FAST_X64\ORTHOGONAL.OBJ
C:\USERS\ZOLOTYKH\ZOL\ARAGELI\HOME\ZOLOTYKH\SKELETON.02.01.05\SKELETON-WORK\TOOLS\ARAGELI\LIB\ARAGELI_FAST_X64\POLLARD_MULT.OBJ
C:\USERS\ZOLOTYKH\ZOL\ARAGELI\HOME\ZOLOTYKH\SKELETON.02.01.05\SKELETON-WORK\TOOLS\ARAGELI\LIB\ARAGELI_FAST_X64\POLYHEDRON.OBJ
C:\USERS\ZOLOTYKH\ZOL\ARAGELI\HOME\ZOLOTYKH\SKELETON.02.01.05\SKELETON-WORK\TOOLS\ARAGELI\LIB\ARAGELI_FAST_X64\POLYHEDRON_RELATION.OBJ
C:\USERS\ZOLOTYKH\ZOL\ARAGELI\HOME\ZOLOTYKH\SKELETON.02.01.05\SKELETON-WORK\TOOLS\ARAGELI\LIB\ARAGELI_FAST_X64\POLYNOM.OBJ
C:\USERS\ZOLOTYKH\ZOL\ARAGELI\HOME\ZOLOTYKH\SKELETON.02.01.05\SKELETON-WORK\TOOLS\ARAGELI\LIB\ARAGELI_FAST_X64\POWEREST.OBJ
C:\USERS\ZOLOTYKH\ZOL\ARAGELI\HOME\ZOLOTYKH\SKELETON.02.01.05\SKELETON-WORK\TOOLS\ARAGELI\LIB\ARAGELI_FAST_X64\PRIME.OBJ
C:\USERS\ZOLOTYKH\ZOL\ARAGELI\HOME\ZOLOTYKH\SKELETON.02.01.05\SKELETON-WORK\TOOLS\ARAGELI\LIB\ARAGELI_FAST_X64\RATIONAL.OBJ
C:\USERS\ZOLOTYKH\ZOL\ARAGELI\HOME\ZOLOTYKH\SKELETON.02.01.05\SKELETON-WORK\TOOLS\ARAGELI\LIB\ARAGELI_FAST_X64\RESULTANT.OBJ
C:\USERS\ZOLOTYKH\ZOL\ARAGELI\HOME\ZOLOTYKH\SKELETON.02.01.05\SKELETON-WORK\TOOLS\ARAGELI\LIB\ARAGELI_FAST_X64\SIDESET.OBJ
C:\USERS\ZOLOTYKH\ZOL\ARAGELI\HOME\ZOLOTYKH\SKELETON.02.01.05\SKELETON-WORK\TOOLS\ARAGELI\LIB\ARAGELI_FAST_X64\SMITH.OBJ
C:\USERS\ZOLOTYKH\ZOL\ARAGELI\HOME\ZOLOTYKH\SKELETON.02.01.05\SKELETON-WORK\TOOLS\ARAGELI\LIB\ARAGELI_FAST_X64\SMITHPOLY.OBJ
C:\USERS\ZOLOTYKH\ZOL\ARAGELI\HOME\ZOLOTYKH\SKELETON.02.01.05\SKELETON-WORK\TOOLS\ARAGELI\LIB\ARAGELI_FAST_X64\SOLVE_LINSYS.OBJ
C:\USERS\ZOLOTYKH\ZOL\ARAGELI\HOME\ZOLOTYKH\SKELETON.02.01.05\SKELETON-WORK\TOOLS\ARAGELI\LIB\ARAGELI_FAST_X64\SPARSE_MULTIPOLYNOM.OBJ
C:\USERS\ZOLOTYKH\ZOL\ARAGELI\HOME\ZOLOTYKH\SKELETON.02.01.05\SKELETON-WORK\TOOLS\ARAGELI\LIB\ARAGELI_FAST_X64\SPARSE_POLYNOM.OBJ
C:\USERS\ZOLOTYKH\ZOL\ARAGELI\HOME\ZOLOTYKH\SKELETON.02.01.05\SKELETON-WORK\TOOLS\ARAGELI\LIB\ARAGELI_FAST_X64\STORJOHANN.OBJ
C:\USERS\ZOLOTYKH\ZOL\ARAGELI\HOME\ZOLOTYKH\SKELETON.02.01.05\SKELETON-WORK\TOOLS\ARAGELI\LIB\ARAGELI_FAST_X64\STORJOHANN1.OBJ
C:\USERS\ZOLOTYKH\ZOL\ARAGELI\HOME\ZOLOTYKH\SKELETON.02.01.05\SKELETON-WORK\TOOLS\ARAGELI\LIB\ARAGELI_FAST_X64\STURM.OBJ
C:\USERS\ZOLOTYKH\ZOL\ARAGELI\HOME\ZOLOTYKH\SKELETON.02.01.05\SKELETON-WORK\TOOLS\ARAGELI\LIB\ARAGELI_FAST_X64\TEX_CARTESIAN2D.OBJ
C:\USERS\ZOLOTYKH\ZOL\ARAGELI\HOME\ZOLOTYKH\SKELETON.02.01.05\SKELETON-WORK\TOOLS\ARAGELI\LIB\ARAGELI_FAST_X64\TEXOUT.OBJ
C:\USERS\ZOLOTYKH\ZOL\ARAGELI\HOME\ZOLOTYKH\SKELETON.02.01.05\SKELETON-WORK\TOOLS\ARAGELI\LIB\ARAGELI_FAST_X64\TIMER.OBJ
C:\USERS\ZOLOTYKH\ZOL\ARAGELI\HOME\ZOLOTYKH\SKELETON.02.01.05\SKELETON-WORK\TOOLS\ARAGELI\LIB\ARAGELI_FAST_X64\TRIANGULATION.OBJ
C:\USERS\ZOLOTYKH\ZOL\ARAGELI\HOME\ZOLOTYKH\SKELETON.02.01.05\SKELETON-WORK\TOOLS\ARAGELI\LIB\ARAGELI_FAST_X64\TYPE_OPERS.OBJ
C:\USERS\ZOLOTYKH\ZOL\ARAGELI\HOME\ZOLOTYKH\SKELETON.02.01.05\SKELETON-WORK\TOOLS\ARAGELI\LIB\ARAGELI_FAST_X64\TYPE_TRAITS.OBJ
C:\USERS\ZOLOTYKH\ZOL\ARAGELI\HOME\ZOLOTYKH\SKELETON.02.01.05\SKELETON-WORK\TOOLS\ARAGELI\LIB\ARAGELI_FAST_X64\VC100.PDB
C:\USERS\ZOLOTYKH\ZOL\ARAGELI\HOME\ZOLOTYKH\SKELETON.02.01.05\SKELETON-WORK\TOOLS\ARAGELI\LIB\ARAGELI_FAST_X64\VECALG.OBJ
C:\USERS\ZOLOTYKH\ZOL\ARAGELI\HOME\ZOLOTYKH\SKELETON.02.01.05\SKELETON-WORK\TOOLS\ARAGELI\LIB\ARAGELI_FAST_X64\VECTOR.OBJ
C:\USERS\ZOLOTYKH\ZOL\ARAGELI\HOME\ZOLOTYKH\SKELETON.02.01.05\SKELETON-WORK\TOOLS\ARAGELI\LIB\ARAGELI_FAST_X64\WINOGRAD.OBJ
C:\USERS\ZOLOTYKH\ZOL\ARAGELI\HOME\ZOLOTYKH\SKELETON.02.01.05\SKELETON-WORK\TOOLS\ARAGELI\LIB\ARAGELI64F.LIB
